<?xml version="1.0" encoding="UTF-8"?>
<!-- Generated by org.testng.reporters.JUnitXMLReporter -->
<testsuite hostname="LPCAIQ1099" failures="0" tests="3" name="Default test" time="19.083" errors="0" timestamp="7 Feb 2023 13:20:23 GMT">
  <testcase classname="runner.Invalid_Login_Runner" name="runScenario" time="5.417"/>
  <testcase classname="runner.Invalid_Login_Runner" name="runScenario" time="4.652"/>
  <testcase classname="runner.Invalid_Login_Runner" name="runScenario" time="4.068"/>
</testsuite> <!-- Default test -->
