<?xml version="1.0" encoding="UTF-8"?>
<!-- Generated by org.testng.reporters.JUnitXMLReporter -->
<testsuite ignored="0" hostname="LPCAIQ1099" failures="0" tests="6" name="Invalid" time="25.593" errors="0" timestamp="2022-12-21T12:39:39 EET">
  <testcase classname="Parallel_ExecutionFolder.ValidationTC_NameAndPassFields2" name="inValidLogin" time="3.823"/>
  <testcase classname="Parallel_ExecutionFolder.ValidationTC_NameAndPassFields2" name="inValidLogin" time="4.002"/>
  <testcase classname="Parallel_ExecutionFolder.ValidationTC_NameAndPassFields2" name="inValidLogin" time="3.758"/>
  <testcase classname="Parallel_ExecutionFolder.ValidationTC_NameAndPassFields2" name="inValidLogin" time="3.198"/>
  <testcase classname="Parallel_ExecutionFolder.ValidationTC_NameAndPassFields2" name="inValidLogin" time="3.174"/>
  <testcase classname="Parallel_ExecutionFolder.ValidationTC_NameAndPassFields2" name="inValidLogin" time="3.238"/>
</testsuite> <!-- Invalid -->
