<?xml version="1.0" encoding="UTF-8"?>
<testng-results total="1" passed="1" failed="0" skipped="0">
  <reporter-output>
  </reporter-output>
  <suite started-at="2023-02-07T09:18:28Z" name="All Test Suite" finished-at="2023-02-07T09:18:53Z" duration-ms="25040">
    <groups>
      <group name="cucumber">
        <method signature="AbstractTestNGCucumberTests.runScenario(io.cucumber.testng.PickleWrapper, io.cucumber.testng.FeatureWrapper)[pri:0, instance:Tests.Valid_LoginTC@33fe57a9]" name="runScenario" class="io.cucumber.testng.AbstractTestNGCucumberTests"/>
      </group> <!-- cucumber -->
    </groups>
    <test started-at="2023-02-07T09:18:28Z" name="Valid" finished-at="2023-02-07T09:18:53Z" duration-ms="25040">
      <class name="Tests.Valid_LoginTC">
        <test-method is-config="true" signature="setUpClass(org.testng.ITestContext)[pri:0, instance:Tests.Valid_LoginTC@33fe57a9]" started-at="2023-02-07T11:18:28Z" name="setUpClass" finished-at="2023-02-07T11:18:28Z" duration-ms="319" status="PASS">
          <params>
            <param index="0">
              <value>
                <![CDATA[org.testng.TestRunner@604c5de8]]>
              </value>
            </param>
          </params>
          <reporter-output>
          </reporter-output>
        </test-method> <!-- setUpClass -->
        <test-method is-config="true" signature="Setup(java.lang.String)[pri:0, instance:Tests.Valid_LoginTC@33fe57a9]" started-at="2023-02-07T11:18:29Z" name="Setup" finished-at="2023-02-07T11:18:33Z" duration-ms="4055" status="PASS">
          <params>
            <param index="0">
              <value>
                <![CDATA[Chrome]]>
              </value>
            </param>
          </params>
          <reporter-output>
          </reporter-output>
        </test-method> <!-- Setup -->
        <test-method signature="ValidLogin(java.lang.String, java.lang.String)[pri:0, instance:Tests.Valid_LoginTC@33fe57a9]" started-at="2023-02-07T11:18:33Z" name="ValidLogin" data-provider="data" finished-at="2023-02-07T11:18:52Z" duration-ms="18696" status="PASS">
          <params>
            <param index="0">
              <value>
                <![CDATA[Admin]]>
              </value>
            </param>
            <param index="1">
              <value>
                <![CDATA[admin123]]>
              </value>
            </param>
          </params>
          <reporter-output>
          </reporter-output>
        </test-method> <!-- ValidLogin -->
        <test-method is-config="true" signature="TearDown()[pri:0, instance:Tests.Valid_LoginTC@33fe57a9]" started-at="2023-02-07T11:18:52Z" name="TearDown" finished-at="2023-02-07T11:18:53Z" duration-ms="1090" status="PASS">
          <reporter-output>
          </reporter-output>
        </test-method> <!-- TearDown -->
        <test-method is-config="true" signature="tearDownClass()[pri:0, instance:Tests.Valid_LoginTC@33fe57a9]" started-at="2023-02-07T11:18:53Z" name="tearDownClass" finished-at="2023-02-07T11:18:53Z" duration-ms="9" status="PASS">
          <reporter-output>
          </reporter-output>
        </test-method> <!-- tearDownClass -->
      </class> <!-- Tests.Valid_LoginTC -->
    </test> <!-- Valid -->
  </suite> <!-- All Test Suite -->
</testng-results>
