<?xml version="1.0" encoding="UTF-8"?>
<testng-results total="1" passed="1" failed="0" skipped="0">
  <reporter-output>
  </reporter-output>
  <suite started-at="2023-02-06T12:26:57Z" name="Default suite" finished-at="2023-02-06T12:27:17Z" duration-ms="19667">
    <groups>
      <group name="cucumber">
        <method signature="AbstractTestNGCucumberTests.runScenario(io.cucumber.testng.PickleWrapper, io.cucumber.testng.FeatureWrapper)[pri:0, instance:Tests.Open_Recruitment_InNew_Tab@3e34ace1]" name="runScenario" class="io.cucumber.testng.AbstractTestNGCucumberTests"/>
      </group> <!-- cucumber -->
    </groups>
    <test started-at="2023-02-06T12:26:57Z" name="Default test" finished-at="2023-02-06T12:27:17Z" duration-ms="19667">
      <class name="Tests.Open_Recruitment_InNew_Tab">
        <test-method is-config="true" signature="setUpClass(org.testng.ITestContext)[pri:0, instance:Tests.Open_Recruitment_InNew_Tab@3e34ace1]" started-at="2023-02-06T14:26:57Z" name="setUpClass" finished-at="2023-02-06T14:26:57Z" duration-ms="398" status="PASS">
          <params>
            <param index="0">
              <value>
                <![CDATA[org.testng.TestRunner@497ed877]]>
              </value>
            </param>
          </params>
          <reporter-output>
          </reporter-output>
        </test-method> <!-- setUpClass -->
        <test-method is-config="true" signature="Setup(java.lang.String)[pri:0, instance:Tests.Open_Recruitment_InNew_Tab@3e34ace1]" started-at="2023-02-06T14:26:58Z" name="Setup" finished-at="2023-02-06T14:27:03Z" duration-ms="4437" status="PASS">
          <params>
            <param index="0">
              <value>
                <![CDATA[Chrome]]>
              </value>
            </param>
          </params>
          <reporter-output>
          </reporter-output>
        </test-method> <!-- Setup -->
        <test-method signature="Open_Recruitment_Page_In_New_Tab(java.lang.String, java.lang.String)[pri:0, instance:Tests.Open_Recruitment_InNew_Tab@3e34ace1]" started-at="2023-02-06T14:27:03Z" name="Open_Recruitment_Page_In_New_Tab" data-provider="data" finished-at="2023-02-06T14:27:16Z" duration-ms="12965" status="PASS">
          <params>
            <param index="0">
              <value>
                <![CDATA[Admin]]>
              </value>
            </param>
            <param index="1">
              <value>
                <![CDATA[admin123]]>
              </value>
            </param>
          </params>
          <reporter-output>
          </reporter-output>
        </test-method> <!-- Open_Recruitment_Page_In_New_Tab -->
        <test-method is-config="true" signature="TearDown()[pri:0, instance:Tests.Open_Recruitment_InNew_Tab@3e34ace1]" started-at="2023-02-06T14:27:16Z" name="TearDown" finished-at="2023-02-06T14:27:17Z" duration-ms="862" status="PASS">
          <reporter-output>
          </reporter-output>
        </test-method> <!-- TearDown -->
        <test-method is-config="true" signature="tearDownClass()[pri:0, instance:Tests.Open_Recruitment_InNew_Tab@3e34ace1]" started-at="2023-02-06T14:27:17Z" name="tearDownClass" finished-at="2023-02-06T14:27:17Z" duration-ms="15" status="PASS">
          <reporter-output>
          </reporter-output>
        </test-method> <!-- tearDownClass -->
      </class> <!-- Tests.Open_Recruitment_InNew_Tab -->
    </test> <!-- Default test -->
  </suite> <!-- Default suite -->
</testng-results>
