<?xml version="1.0" encoding="UTF-8"?>
<testng-results ignored="0" total="1" passed="1" failed="0" skipped="0">
  <reporter-output>
  </reporter-output>
  <suite started-at="2023-02-06T13:51:36 EET" name="Default suite" finished-at="2023-02-06T13:51:55 EET" duration-ms="18827">
    <groups>
      <group name="cucumber">
        <method signature="AbstractTestNGCucumberTests.runScenario(io.cucumber.testng.PickleWrapper,io.cucumber.testng.FeatureWrapper)[pri:0, instance:Tests.Open_Recruitment_InNew_Tab@71812481]" name="runScenario" class="io.cucumber.testng.AbstractTestNGCucumberTests"/>
      </group> <!-- cucumber -->
    </groups>
    <test started-at="2023-02-06T13:51:36 EET" name="Default test" finished-at="2023-02-06T13:51:55 EET" duration-ms="18827">
      <class name="Tests.Open_Recruitment_InNew_Tab">
        <test-method is-config="true" signature="setUpClass(org.testng.ITestContext)[pri:0, instance:Tests.Open_Recruitment_InNew_Tab@71812481]" started-at="2023-02-06T13:51:36 EET" name="setUpClass" finished-at="2023-02-06T13:51:36 EET" duration-ms="356" status="PASS">
          <params>
            <param index="0">
              <value>
                <![CDATA[org.testng.TestRunner@49a38b1]]>
              </value>
            </param>
          </params>
          <reporter-output>
          </reporter-output>
        </test-method> <!-- setUpClass -->
        <test-method is-config="true" signature="Setup(java.lang.String)[pri:0, instance:Tests.Open_Recruitment_InNew_Tab@71812481]" started-at="2023-02-06T13:51:37 EET" name="Setup" finished-at="2023-02-06T13:51:41 EET" duration-ms="4158" status="PASS">
          <params>
            <param index="0">
              <value>
                <![CDATA[Chrome]]>
              </value>
            </param>
          </params>
          <reporter-output>
          </reporter-output>
        </test-method> <!-- Setup -->
        <test-method signature="Open_Recruitment_Page_In_New_Tab(java.lang.String,java.lang.String)[pri:0, instance:Tests.Open_Recruitment_InNew_Tab@71812481]" started-at="2023-02-06T13:51:41 EET" name="Open_Recruitment_Page_In_New_Tab" data-provider="data" finished-at="2023-02-06T13:51:54 EET" duration-ms="12540" status="PASS">
          <params>
            <param index="0">
              <value>
                <![CDATA[Admin]]>
              </value>
            </param>
            <param index="1">
              <value>
                <![CDATA[admin123]]>
              </value>
            </param>
          </params>
          <reporter-output>
          </reporter-output>
        </test-method> <!-- Open_Recruitment_Page_In_New_Tab -->
        <test-method is-config="true" signature="TearDown()[pri:0, instance:Tests.Open_Recruitment_InNew_Tab@71812481]" started-at="2023-02-06T13:51:54 EET" name="TearDown" finished-at="2023-02-06T13:51:55 EET" duration-ms="750" status="PASS">
          <reporter-output>
          </reporter-output>
        </test-method> <!-- TearDown -->
        <test-method is-config="true" signature="tearDownClass()[pri:0, instance:Tests.Open_Recruitment_InNew_Tab@71812481]" started-at="2023-02-06T13:51:55 EET" name="tearDownClass" finished-at="2023-02-06T13:51:55 EET" duration-ms="12" status="PASS">
          <reporter-output>
          </reporter-output>
        </test-method> <!-- tearDownClass -->
      </class> <!-- Tests.Open_Recruitment_InNew_Tab -->
    </test> <!-- Default test -->
  </suite> <!-- Default suite -->
</testng-results>
