<?xml version="1.0" encoding="UTF-8"?>
<testng-results ignored="0" total="1" passed="1" failed="0" skipped="0">
  <reporter-output>
  </reporter-output>
  <suite started-at="2023-02-06T14:04:37 EET" name="Default suite" finished-at="2023-02-06T14:05:06 EET" duration-ms="29171">
    <groups>
      <group name="cucumber">
        <method signature="AbstractTestNGCucumberTests.runScenario(io.cucumber.testng.PickleWrapper,io.cucumber.testng.FeatureWrapper)[pri:0, instance:Tests.DragAndDropTC@1fde5d22]" name="runScenario" class="io.cucumber.testng.AbstractTestNGCucumberTests"/>
      </group> <!-- cucumber -->
    </groups>
    <test started-at="2023-02-06T14:04:37 EET" name="Default test" finished-at="2023-02-06T14:05:06 EET" duration-ms="29171">
      <class name="Tests.DragAndDropTC">
        <test-method is-config="true" signature="setUpClass(org.testng.ITestContext)[pri:0, instance:Tests.DragAndDropTC@1fde5d22]" started-at="2023-02-06T14:04:37 EET" name="setUpClass" finished-at="2023-02-06T14:04:37 EET" duration-ms="368" status="PASS">
          <params>
            <param index="0">
              <value>
                <![CDATA[org.testng.TestRunner@583fb274]]>
              </value>
            </param>
          </params>
          <reporter-output>
          </reporter-output>
        </test-method> <!-- setUpClass -->
        <test-method is-config="true" signature="Setup(java.lang.String)[pri:0, instance:Tests.DragAndDropTC@1fde5d22]" started-at="2023-02-06T14:04:37 EET" name="Setup" finished-at="2023-02-06T14:04:42 EET" duration-ms="4072" status="PASS">
          <params>
            <param index="0">
              <value>
                <![CDATA[Chrome]]>
              </value>
            </param>
          </params>
          <reporter-output>
          </reporter-output>
        </test-method> <!-- Setup -->
        <test-method signature="DragAndDrop_Function()[pri:0, instance:Tests.DragAndDropTC@1fde5d22]" started-at="2023-02-06T14:04:42 EET" name="DragAndDrop_Function" finished-at="2023-02-06T14:05:05 EET" duration-ms="23709" status="PASS">
          <reporter-output>
          </reporter-output>
        </test-method> <!-- DragAndDrop_Function -->
        <test-method is-config="true" signature="TearDown()[pri:0, instance:Tests.DragAndDropTC@1fde5d22]" started-at="2023-02-06T14:05:05 EET" name="TearDown" finished-at="2023-02-06T14:05:06 EET" duration-ms="704" status="PASS">
          <reporter-output>
          </reporter-output>
        </test-method> <!-- TearDown -->
        <test-method is-config="true" signature="tearDownClass()[pri:0, instance:Tests.DragAndDropTC@1fde5d22]" started-at="2023-02-06T14:05:06 EET" name="tearDownClass" finished-at="2023-02-06T14:05:06 EET" duration-ms="21" status="PASS">
          <reporter-output>
          </reporter-output>
        </test-method> <!-- tearDownClass -->
      </class> <!-- Tests.DragAndDropTC -->
    </test> <!-- Default test -->
  </suite> <!-- Default suite -->
</testng-results>
