<?xml version="1.0" encoding="UTF-8"?>
<testng-results total="1" passed="1" failed="0" skipped="0">
  <reporter-output>
  </reporter-output>
  <suite started-at="2023-02-07T09:15:34Z" name="All Test Suite" finished-at="2023-02-07T09:15:49Z" duration-ms="15620">
    <groups>
      <group name="cucumber">
        <method signature="AbstractTestNGCucumberTests.runScenario(io.cucumber.testng.PickleWrapper, io.cucumber.testng.FeatureWrapper)[pri:0, instance:Tests.Valid_LoginTC@47404bea]" name="runScenario" class="io.cucumber.testng.AbstractTestNGCucumberTests"/>
      </group> <!-- cucumber -->
    </groups>
    <test started-at="2023-02-07T09:15:34Z" name="Valid" finished-at="2023-02-07T09:15:49Z" duration-ms="15620">
      <class name="Tests.Valid_LoginTC">
        <test-method is-config="true" signature="setUpClass(org.testng.ITestContext)[pri:0, instance:Tests.Valid_LoginTC@47404bea]" started-at="2023-02-07T11:15:34Z" name="setUpClass" finished-at="2023-02-07T11:15:34Z" duration-ms="469" status="PASS">
          <params>
            <param index="0">
              <value>
                <![CDATA[org.testng.TestRunner@32f0fba8]]>
              </value>
            </param>
          </params>
          <reporter-output>
          </reporter-output>
        </test-method> <!-- setUpClass -->
        <test-method is-config="true" signature="Setup(java.lang.String)[pri:0, instance:Tests.Valid_LoginTC@47404bea]" started-at="2023-02-07T11:15:35Z" name="Setup" finished-at="2023-02-07T11:15:39Z" duration-ms="3536" status="PASS">
          <params>
            <param index="0">
              <value>
                <![CDATA[Chrome]]>
              </value>
            </param>
          </params>
          <reporter-output>
          </reporter-output>
        </test-method> <!-- Setup -->
        <test-method signature="ValidLogin(java.lang.String, java.lang.String)[pri:0, instance:Tests.Valid_LoginTC@47404bea]" started-at="2023-02-07T11:15:39Z" name="ValidLogin" data-provider="data" finished-at="2023-02-07T11:15:48Z" duration-ms="9815" status="PASS">
          <params>
            <param index="0">
              <value>
                <![CDATA[Admin]]>
              </value>
            </param>
            <param index="1">
              <value>
                <![CDATA[admin123]]>
              </value>
            </param>
          </params>
          <reporter-output>
          </reporter-output>
        </test-method> <!-- ValidLogin -->
        <test-method is-config="true" signature="TearDown()[pri:0, instance:Tests.Valid_LoginTC@47404bea]" started-at="2023-02-07T11:15:48Z" name="TearDown" finished-at="2023-02-07T11:15:49Z" duration-ms="897" status="PASS">
          <reporter-output>
          </reporter-output>
        </test-method> <!-- TearDown -->
        <test-method is-config="true" signature="tearDownClass()[pri:0, instance:Tests.Valid_LoginTC@47404bea]" started-at="2023-02-07T11:15:49Z" name="tearDownClass" finished-at="2023-02-07T11:15:49Z" duration-ms="22" status="PASS">
          <reporter-output>
          </reporter-output>
        </test-method> <!-- tearDownClass -->
      </class> <!-- Tests.Valid_LoginTC -->
    </test> <!-- Valid -->
  </suite> <!-- All Test Suite -->
</testng-results>
