<?xml version="1.0" encoding="UTF-8"?>
<testng-results ignored="0" total="1" passed="1" failed="0" skipped="0">
  <reporter-output>
  </reporter-output>
  <suite started-at="2023-02-06T13:11:03 EET" name="Default suite" finished-at="2023-02-06T13:11:14 EET" duration-ms="10599">
    <groups>
      <group name="cucumber">
        <method signature="AbstractTestNGCucumberTests.runScenario(io.cucumber.testng.PickleWrapper,io.cucumber.testng.FeatureWrapper)[pri:0, instance:Tests.Valid_LoginTC@71812481]" name="runScenario" class="io.cucumber.testng.AbstractTestNGCucumberTests"/>
      </group> <!-- cucumber -->
    </groups>
    <test started-at="2023-02-06T13:11:03 EET" name="Default test" finished-at="2023-02-06T13:11:14 EET" duration-ms="10599">
      <class name="Tests.Valid_LoginTC">
        <test-method is-config="true" signature="setUpClass(org.testng.ITestContext)[pri:0, instance:Tests.Valid_LoginTC@71812481]" started-at="2023-02-06T13:11:03 EET" name="setUpClass" finished-at="2023-02-06T13:11:03 EET" duration-ms="154" status="PASS">
          <params>
            <param index="0">
              <value>
                <![CDATA[org.testng.TestRunner@101bdd1c]]>
              </value>
            </param>
          </params>
          <reporter-output>
          </reporter-output>
        </test-method> <!-- setUpClass -->
        <test-method is-config="true" signature="Setup(java.lang.String)[pri:0, instance:Tests.Valid_LoginTC@71812481]" started-at="2023-02-06T13:11:04 EET" name="Setup" finished-at="2023-02-06T13:11:05 EET" duration-ms="1776" status="PASS">
          <params>
            <param index="0">
              <value>
                <![CDATA[Chrome]]>
              </value>
            </param>
          </params>
          <reporter-output>
          </reporter-output>
        </test-method> <!-- Setup -->
        <test-method signature="ValidLogin(java.lang.String,java.lang.String)[pri:0, instance:Tests.Valid_LoginTC@71812481]" started-at="2023-02-06T13:11:06 EET" name="ValidLogin" data-provider="data" finished-at="2023-02-06T13:11:13 EET" duration-ms="7711" status="PASS">
          <params>
            <param index="0">
              <value>
                <![CDATA[Admin]]>
              </value>
            </param>
            <param index="1">
              <value>
                <![CDATA[admin123]]>
              </value>
            </param>
          </params>
          <reporter-output>
          </reporter-output>
        </test-method> <!-- ValidLogin -->
        <test-method is-config="true" signature="TearDown()[pri:0, instance:Tests.Valid_LoginTC@71812481]" started-at="2023-02-06T13:11:13 EET" name="TearDown" finished-at="2023-02-06T13:11:14 EET" duration-ms="422" status="PASS">
          <reporter-output>
          </reporter-output>
        </test-method> <!-- TearDown -->
        <test-method is-config="true" signature="tearDownClass()[pri:0, instance:Tests.Valid_LoginTC@71812481]" started-at="2023-02-06T13:11:14 EET" name="tearDownClass" finished-at="2023-02-06T13:11:14 EET" duration-ms="5" status="PASS">
          <reporter-output>
          </reporter-output>
        </test-method> <!-- tearDownClass -->
      </class> <!-- Tests.Valid_LoginTC -->
    </test> <!-- Default test -->
  </suite> <!-- Default suite -->
</testng-results>
